<?xml version="1.0" encoding="UTF-8"?>
<testng-results skipped="0" failed="1" total="1" passed="0">
  <reporter-output>
    <line>
      <![CDATA[login : Entered The URL</br>]]>
    </line>
    <line>
      <![CDATA[login : Home Page is Displaed Sucessfully </br>]]>
    </line>
  </reporter-output>
  <suite name="Suite" duration-ms="182162" started-at="2020-05-18T08:47:25Z" finished-at="2020-05-18T08:50:28Z">
    <groups>
    </groups>
    <test name="Test" duration-ms="182162" started-at="2020-05-18T08:47:25Z" finished-at="2020-05-18T08:50:28Z">
      <class name="main.com.bayer.frontend.selenium.testcases.AccessAmazon">
        <test-method status="PASS" signature="setup()[pri:0, instance:com.bayer.digitalfarming.frontend.selenium.testcases.AccessAmazon@53b32d7]" name="setup" is-config="true" duration-ms="41652" started-at="2020-05-18T14:17:25Z" finished-at="2020-05-18T14:18:07Z">
          <reporter-output>
          </reporter-output>
        </test-method> <!-- setup -->
        <test-method status="FAIL" signature="login()[pri:0, instance:com.bayer.digitalfarming.frontend.selenium.testcases.AccessAmazon@53b32d7]" name="login" duration-ms="129617" started-at="2020-05-18T14:18:07Z" description="Login on Application" finished-at="2020-05-18T14:20:17Z">
          <exception class="java.lang.AssertionError">
            <message>
              <![CDATA[Unable to locate the element: </br><font color=red>user :-  NAME=username</font>]]>
            </message>
            <full-stacktrace>
                <![CDATA[java.lang.AssertionError: Unable to locate the element: </br><font color=red>user :-  NAME=username</font>
	at org.testng.Assert.fail(Assert.java:94)
	at main.com.bayer.frontend.selenium.utils.handlers.BaseHandler.findElement(BaseHandler.java:104)
	at main.com.bayer.frontend.selenium.utils.handlers.ElementHandler.writeText(ElementHandler.java:62)
	at main.com.bayer.frontend.selenium.pages.AmazonHomePage.enterUser(AmazonHomePage.java:33)
	at main.com.bayer.frontend.selenium.testcases.AccessAmazon.login(AccessAmazon.java:15)
	at sun.reflect.NativeMethodAccessorImpl.invoke0(Native Method)
	at sun.reflect.NativeMethodAccessorImpl.invoke(NativeMethodAccessorImpl.java:62)
	at sun.reflect.DelegatingMethodAccessorImpl.invoke(DelegatingMethodAccessorImpl.java:43)
	at java.lang.reflect.Method.invoke(Method.java:498)
	at org.testng.internal.MethodInvocationHelper.invokeMethod(MethodInvocationHelper.java:85)
	at org.testng.internal.Invoker.invokeMethod(Invoker.java:663)
	at org.testng.internal.Invoker.invokeTestMethod(Invoker.java:849)
	at org.testng.internal.Invoker.invokeTestMethods(Invoker.java:1157)
	at org.testng.internal.TestMethodWorker.invokeTestMethods(TestMethodWorker.java:124)
	at org.testng.internal.TestMethodWorker.run(TestMethodWorker.java:108)
	at org.testng.TestRunner.privateRun(TestRunner.java:771)
	at org.testng.TestRunner.run(TestRunner.java:621)
	at org.testng.SuiteRunner.runTest(SuiteRunner.java:357)
	at org.testng.SuiteRunner.runSequentially(SuiteRunner.java:352)
	at org.testng.SuiteRunner.privateRun(SuiteRunner.java:310)
	at org.testng.SuiteRunner.run(SuiteRunner.java:259)
	at org.testng.SuiteRunnerWorker.runSuite(SuiteRunnerWorker.java:52)
	at org.testng.SuiteRunnerWorker.run(SuiteRunnerWorker.java:86)
	at org.testng.TestNG.runSuitesSequentially(TestNG.java:1200)
	at org.testng.TestNG.runSuitesLocally(TestNG.java:1125)
	at org.testng.TestNG.run(TestNG.java:1033)
	at org.testng.remote.RemoteTestNG.run(RemoteTestNG.java:111)
	at org.testng.remote.RemoteTestNG.initAndRun(RemoteTestNG.java:204)
	at org.testng.remote.RemoteTestNG.main(RemoteTestNG.java:175)
]]>
            </full-stacktrace>
          </exception> <!-- java.lang.AssertionError -->
          <reporter-output>
            <line>
              <![CDATA[login : Entered The URL</br>]]>
            </line>
            <line>
              <![CDATA[login : Home Page is Displaed Sucessfully </br>]]>
            </line>
          </reporter-output>
        </test-method> <!-- login -->
        <test-method status="PASS" signature="tearDown(org.testng.ITestResult)[pri:0, instance:com.bayer.digitalfarming.frontend.selenium.testcases.AccessAmazon@53b32d7]" name="tearDown" is-config="true" duration-ms="8472" started-at="2020-05-18T14:20:19Z" finished-at="2020-05-18T14:20:28Z">
          <params>
            <param index="0">
              <value>
                <![CDATA[[TestResult name=login status=FAILURE method=AccessAmazon.login()[pri:0, instance:com.bayer.digitalfarming.frontend.selenium.testcases.AccessAmazon@53b32d7] output=login : Entered The URL</br>]]]>
              </value>
            </param>
          </params>
          <reporter-output>
          </reporter-output>
        </test-method> <!-- tearDown -->
      </class> <!-- AccessAmazon -->
    </test> <!-- Test -->
  </suite> <!-- Suite -->
</testng-results>
