<?xml version="1.0" encoding="UTF-8"?>
<!-- Generated by org.testng.reporters.JUnitReportReporter -->
<testsuite hostname="DESKTOP-Q4DJ4GC" name="main.com.bayer.frontend.selenium.testcases.AccessAmazon" tests="1" failures="1" timestamp="18 May 2020 08:50:37 GMT" time="179.741" errors="0">
  <testcase name="login" time="179.741" classname="main.com.bayer.frontend.selenium.testcases.AccessAmazon">
    <failure type="java.lang.AssertionError" message="Unable to locate the element: &lt;/br&gt;&lt;font color=red&gt;user :-  NAME=username&lt;/font&gt;">
        <![CDATA[java.lang.AssertionError: Unable to locate the element: </br><font color=red>user :-  NAME=username</font>
	at org.testng.Assert.fail(Assert.java:94)
	at main.com.bayer.frontend.selenium.utils.handlers.BaseHandler.findElement(BaseHandler.java:104)
	at main.com.bayer.frontend.selenium.utils.handlers.ElementHandler.writeText(ElementHandler.java:62)
	at main.com.bayer.frontend.selenium.pages.AmazonHomePage.enterUser(AmazonHomePage.java:33)
	at main.com.bayer.frontend.selenium.testcases.AccessAmazon.login(AccessAmazon.java:15)
	at sun.reflect.NativeMethodAccessorImpl.invoke0(Native Method)
	at sun.reflect.NativeMethodAccessorImpl.invoke(NativeMethodAccessorImpl.java:62)
	at sun.reflect.DelegatingMethodAccessorImpl.invoke(DelegatingMethodAccessorImpl.java:43)
	at java.lang.reflect.Method.invoke(Method.java:498)
	at org.testng.internal.MethodInvocationHelper.invokeMethod(MethodInvocationHelper.java:85)
	at org.testng.internal.Invoker.invokeMethod(Invoker.java:663)
	at org.testng.internal.Invoker.invokeTestMethod(Invoker.java:849)
	at org.testng.internal.Invoker.invokeTestMethods(Invoker.java:1157)
	at org.testng.internal.TestMethodWorker.invokeTestMethods(TestMethodWorker.java:124)
	at org.testng.internal.TestMethodWorker.run(TestMethodWorker.java:108)
	at org.testng.TestRunner.privateRun(TestRunner.java:771)
	at org.testng.TestRunner.run(TestRunner.java:621)
	at org.testng.SuiteRunner.runTest(SuiteRunner.java:357)
	at org.testng.SuiteRunner.runSequentially(SuiteRunner.java:352)
	at org.testng.SuiteRunner.privateRun(SuiteRunner.java:310)
	at org.testng.SuiteRunner.run(SuiteRunner.java:259)
	at org.testng.SuiteRunnerWorker.runSuite(SuiteRunnerWorker.java:52)
	at org.testng.SuiteRunnerWorker.run(SuiteRunnerWorker.java:86)
	at org.testng.TestNG.runSuitesSequentially(TestNG.java:1200)
	at org.testng.TestNG.runSuitesLocally(TestNG.java:1125)
	at org.testng.TestNG.run(TestNG.java:1033)
	at org.testng.remote.RemoteTestNG.run(RemoteTestNG.java:111)
	at org.testng.remote.RemoteTestNG.initAndRun(RemoteTestNG.java:204)
	at org.testng.remote.RemoteTestNG.main(RemoteTestNG.java:175)
]]>
    </failure>
  </testcase> <!-- login -->
</testsuite> <!-- AccessAmazon -->
